<?xml version="1.0" encoding="UTF-8"?>
<testsuite xmlns:xsi="http://www.w3.org/2001/XMLSchema-instance" xsi:noNamespaceSchemaLocation="https://maven.apache.org/surefire/maven-surefire-plugin/xsd/surefire-test-report.xsd" name="services.RestaurantServiceTest" time="1.376" tests="6" errors="0" skipped="0" failures="0">
  <properties>
[...]
</properties>
  <testcase name="listService" classname="services.RestaurantServiceTest" time="0.064"/>
  <testcase name="serviceByID" classname="services.RestaurantServiceTest" time="0.048"/>
  <testcase name="viewReservation" classname="services.RestaurantServiceTest" time="0.075"/>
  <testcase name="addService" classname="services.RestaurantServiceTest" time="0.048"/>
  <testcase name="updateService" classname="services.RestaurantServiceTest" time="0.049"/>
  <testcase name="deleteService" classname="services.RestaurantServiceTest" time="0.048"/>
</testsuite>